<?xml version="1.0" encoding="UTF-8"?>
<!-- Generated by org.testng.reporters.JUnitReportReporter -->
<testsuite hostname="Pranav" failures="0" tests="3" name="Module1_Test.Adactin_TestClass" time="13.178" errors="0" timestamp="2023-09-21T12:50:27 IST" skipped="0">
  <testcase classname="Module1_Test.Adactin_TestClass" name="VerifyUserName" time="5.098"/>
  <testcase classname="Module1_Test.Adactin_TestClass" name="GetTitleofApp" time="2.102"/>
  <testcase classname="Module1_Test.Adactin_TestClass" name="BookAHotel" time="5.978"/>
</testsuite> <!-- Module1_Test.Adactin_TestClass -->
